[debug] [2020-02-19T15:28:33.234Z] ----------------------------------------------------------------------
[debug] [2020-02-19T15:28:33.235Z] Command:       /home/gabriel/.nvm/versions/node/v12.13.0/bin/node /home/gabriel/.nvm/versions/node/v12.13.0/bin/firebase init
[debug] [2020-02-19T15:28:33.235Z] CLI Version:   7.13.1
[debug] [2020-02-19T15:28:33.235Z] Platform:      linux
[debug] [2020-02-19T15:28:33.235Z] Node Version:  v12.13.0
[debug] [2020-02-19T15:28:33.236Z] Time:          Wed Feb 19 2020 17:28:33 GMT+0200 (Eastern European Standard Time)
[debug] [2020-02-19T15:28:33.236Z] ----------------------------------------------------------------------
[debug] [2020-02-19T15:28:33.236Z] 
[debug] [2020-02-19T15:28:33.239Z] > command requires scopes: ["email","openid","https://www.googleapis.com/auth/cloudplatformprojects.readonly","https://www.googleapis.com/auth/firebase","https://www.googleapis.com/auth/cloud-platform"]
[debug] [2020-02-19T15:28:33.239Z] > authorizing via signed-in user
[info] 
     ######## #### ########  ######## ########     ###     ######  ########
     ##        ##  ##     ## ##       ##     ##  ##   ##  ##       ##
     ######    ##  ########  ######   ########  #########  ######  ######
     ##        ##  ##    ##  ##       ##     ## ##     ##       ## ##
     ##       #### ##     ## ######## ########  ##     ##  ######  ########

You're about to initialize a Firebase project in this directory:

  /home/gabriel/localhost/personal/makeuponreact

Before we get started, keep in mind:

  * You are initializing in an existing Firebase project directory

